[20:44:02] [INIT] KubeJS 2001.6.4-build.138; MC 2001 forge
[20:44:02] [INIT] Loaded plugins:
[20:44:02] [INIT] - dev.latvian.mods.kubejs.forge.BuiltinKubeJSForgePlugin
[20:44:02] [INIT] - dev.ftb.mods.ftbxmodcompat.ftbquests.kubejs.KubeJSIntegration
[20:44:02] [INIT] - dev.ftb.mods.ftbxmodcompat.ftbchunks.kubejs.FTBChunksKubeJSPlugin
[20:44:02] [INIT] - dev.ftb.mods.ftbxmodcompat.ftbteams.kubejs.FTBTeamsKubeJSPlugin
[20:44:02] [INIT] - com.tom.createores.kubejs.KubeJSExcavation
[20:44:02] [INIT] - com.almostreliable.morejs.Plugin
[20:44:02] [INIT] - com.blakebr0.cucumber.compat.kubejs.CucumberKubeJSPlugin
[20:44:02] [INIT] - com.almostreliable.ponderjs.PonderJSPlugin
[20:44:03] [INFO] mekanismStartup.js#16: Loaded Java class 'mekanism.api.chemical.slurry.Slurry'
[20:44:03] [INFO] mekanismStartup.js#17: Loaded Java class 'mekanism.api.chemical.slurry.SlurryBuilder'
[20:44:03] [INFO] mekanismStartup.js#18: Loaded Java class 'mekanism.api.chemical.gas.Gas'
[20:44:03] [INFO] mekanismStartup.js#19: Loaded Java class 'mekanism.api.chemical.gas.GasBuilder'
[20:44:03] [INFO] Loaded script startup_scripts:mekanismStartup.js in 0.098 s
[20:44:03] [INFO] Loaded script startup_scripts:settings.js in 0.007 s
[20:44:03] [INFO] mysticalagriculture.js#1: Loaded Java class 'com.blakebr0.mysticalagriculture.api.MysticalAgricultureAPI'
[20:44:03] [INFO] Loaded script startup_scripts:mysticalagriculture.js in 0.002 s
[20:44:03] [INFO] farmingForBlockheads.js#8: Loaded Java class 'net.blay09.mods.farmingforblockheads.api.FarmingForBlockheadsAPI'
[20:44:03] [INFO] Loaded script startup_scripts:farmingForBlockheads.js in 0.013 s
[20:44:03] [INFO] Loaded script startup_scripts:custom_additions.js in 0.001 s
[20:44:03] [INFO] Loaded script startup_scripts:AE2/Universal_Press.js in 0.0 s
[20:44:03] [INFO] Loaded script startup_scripts:worldgen.js in 0.001 s
[20:44:03] [INFO] Loaded 7/7 KubeJS startup scripts in 0.62 s with 0 errors and 0 warnings
